# JRE version: OpenJDK Runtime Environment (8.0_242-b08) (build 1.8.0_242-8u242-b08-0ubuntu3~18.04-b08)
# Java VM: OpenJDK 64-Bit Server VM (25.242-b08 mixed mode linux-amd64 compressed oops)
Heap:
 def new generation   total 17408K, used 0K [0x00000000f0a00000, 0x00000000f1ce0000, 0x00000000f5c00000)
  eden space 15488K,   0% used [0x00000000f0a00000, 0x00000000f0a00000, 0x00000000f1920000)
  from space 1920K,   0% used [0x00000000f1920000, 0x00000000f1920000, 0x00000000f1b00000)
  to   space 1920K,   0% used [0x00000000f1b00000, 0x00000000f1b00000, 0x00000000f1ce0000)
 tenured generation   total 39528K, used 28062K [0x00000000f5c00000, 0x00000000f829a000, 0x0000000100000000)
   the space 39528K,  70% used [0x00000000f5c00000, 0x00000000f7767a60, 0x00000000f7767c00, 0x00000000f829a000)
 Metaspace       used 26188K, capacity 27112K, committed 27392K, reserved 1073152K
  class space    used 3053K, capacity 3245K, committed 3328K, reserved 1048576K
GC Heap History (10 events):
Event: 11.970 GC heap after
Heap after GC invocations=67 (full 3):
 def new generation   total 17408K, used 1920K [0x00000000f0a00000, 0x00000000f1ce0000, 0x00000000f5c00000)
  eden space 15488K,   0% used [0x00000000f0a00000, 0x00000000f0a00000, 0x00000000f1920000)
  from space 1920K, 100% used [0x00000000f1b00000, 0x00000000f1ce0000, 0x00000000f1ce0000)
  to   space 1920K,   0% used [0x00000000f1920000, 0x00000000f1920000, 0x00000000f1b00000)
 tenured generation   total 38568K, used 32862K [0x00000000f5c00000, 0x00000000f81aa000, 0x0000000100000000)
   the space 38568K,  85% used [0x00000000f5c00000, 0x00000000f7c179b8, 0x00000000f7c17a00, 0x00000000f81aa000)
 Metaspace       used 26188K, capacity 27112K, committed 27392K, reserved 1073152K
  class space    used 3053K, capacity 3245K, committed 3328K, reserved 1048576K
}
Event: 12.118 GC heap before
{Heap before GC invocations=67 (full 3):
 def new generation   total 17408K, used 17408K [0x00000000f0a00000, 0x00000000f1ce0000, 0x00000000f5c00000)
  eden space 15488K, 100% used [0x00000000f0a00000, 0x00000000f1920000, 0x00000000f1920000)
  from space 1920K, 100% used [0x00000000f1b00000, 0x00000000f1ce0000, 0x00000000f1ce0000)
  to   space 1920K,   0% used [0x00000000f1920000, 0x00000000f1920000, 0x00000000f1b00000)
 tenured generation   total 38568K, used 32862K [0x00000000f5c00000, 0x00000000f81aa000, 0x0000000100000000)
   the space 38568K,  85% used [0x00000000f5c00000, 0x00000000f7c179b8, 0x00000000f7c17a00, 0x00000000f81aa000)
 Metaspace       used 26188K, capacity 27112K, committed 27392K, reserved 1073152K
  class space    used 3053K, capacity 3245K, committed 3328K, reserved 1048576K
Event: 12.128 GC heap after
Heap after GC invocations=68 (full 3):
 def new generation   total 17408K, used 1919K [0x00000000f0a00000, 0x00000000f1ce0000, 0x00000000f5c00000)
  eden space 15488K,   0% used [0x00000000f0a00000, 0x00000000f0a00000, 0x00000000f1920000)
  from space 1920K,  99% used [0x00000000f1920000, 0x00000000f1affff0, 0x00000000f1b00000)
  to   space 1920K,   0% used [0x00000000f1b00000, 0x00000000f1b00000, 0x00000000f1ce0000)
 tenured generation   total 38568K, used 34109K [0x00000000f5c00000, 0x00000000f81aa000, 0x0000000100000000)
   the space 38568K,  88% used [0x00000000f5c00000, 0x00000000f7d4f790, 0x00000000f7d4f800, 0x00000000f81aa000)
 Metaspace       used 26188K, capacity 27112K, committed 27392K, reserved 1073152K
  class space    used 3053K, capacity 3245K, committed 3328K, reserved 1048576K
}
Event: 52.110 GC heap before
{Heap before GC invocations=68 (full 3):
 def new generation   total 17408K, used 17407K [0x00000000f0a00000, 0x00000000f1ce0000, 0x00000000f5c00000)
  eden space 15488K, 100% used [0x00000000f0a00000, 0x00000000f1920000, 0x00000000f1920000)
  from space 1920K,  99% used [0x00000000f1920000, 0x00000000f1affff0, 0x00000000f1b00000)
  to   space 1920K,   0% used [0x00000000f1b00000, 0x00000000f1b00000, 0x00000000f1ce0000)
 tenured generation   total 38568K, used 34109K [0x00000000f5c00000, 0x00000000f81aa000, 0x0000000100000000)
   the space 38568K,  88% used [0x00000000f5c00000, 0x00000000f7d4f790, 0x00000000f7d4f800, 0x00000000f81aa000)
 Metaspace       used 26188K, capacity 27112K, committed 27392K, reserved 1073152K
  class space    used 3053K, capacity 3245K, committed 3328K, reserved 1048576K
Event: 55.056 GC heap after
Heap after GC invocations=69 (full 3):
 def new generation   total 17408K, used 1920K [0x00000000f0a00000, 0x00000000f1ce0000, 0x00000000f5c00000)
  eden space 15488K,   0% used [0x00000000f0a00000, 0x00000000f0a00000, 0x00000000f1920000)
  from space 1920K, 100% used [0x00000000f1b00000, 0x00000000f1ce0000, 0x00000000f1ce0000)
  to   space 1920K,   0% used [0x00000000f1920000, 0x00000000f1920000, 0x00000000f1b00000)
 tenured generation   total 38568K, used 35876K [0x00000000f5c00000, 0x00000000f81aa000, 0x0000000100000000)
   the space 38568K,  93% used [0x00000000f5c00000, 0x00000000f7f09248, 0x00000000f7f09400, 0x00000000f81aa000)
 Metaspace       used 26188K, capacity 27112K, committed 27392K, reserved 1073152K
  class space    used 3053K, capacity 3245K, committed 3328K, reserved 1048576K
}
Event: 159.536 GC heap before
{Heap before GC invocations=69 (full 3):
 def new generation   total 17408K, used 17408K [0x00000000f0a00000, 0x00000000f1ce0000, 0x00000000f5c00000)
  eden space 15488K, 100% used [0x00000000f0a00000, 0x00000000f1920000, 0x00000000f1920000)
  from space 1920K, 100% used [0x00000000f1b00000, 0x00000000f1ce0000, 0x00000000f1ce0000)
  to   space 1920K,   0% used [0x00000000f1920000, 0x00000000f1920000, 0x00000000f1b00000)
 tenured generation   total 38568K, used 35876K [0x00000000f5c00000, 0x00000000f81aa000, 0x0000000100000000)
   the space 38568K,  93% used [0x00000000f5c00000, 0x00000000f7f09248, 0x00000000f7f09400, 0x00000000f81aa000)
 Metaspace       used 26188K, capacity 27112K, committed 27392K, reserved 1073152K
  class space    used 3053K, capacity 3245K, committed 3328K, reserved 1048576K
Event: 159.769 GC heap after
Heap after GC invocations=70 (full 3):
 def new generation   total 17408K, used 1920K [0x00000000f0a00000, 0x00000000f1ce0000, 0x00000000f5c00000)
  eden space 15488K,   0% used [0x00000000f0a00000, 0x00000000f0a00000, 0x00000000f1920000)
  from space 1920K, 100% used [0x00000000f1920000, 0x00000000f1b00000, 0x00000000f1b00000)
  to   space 1920K,   0% used [0x00000000f1b00000, 0x00000000f1b00000, 0x00000000f1ce0000)
 tenured generation   total 38568K, used 37133K [0x00000000f5c00000, 0x00000000f81aa000, 0x0000000100000000)
   the space 38568K,  96% used [0x00000000f5c00000, 0x00000000f8043738, 0x00000000f8043800, 0x00000000f81aa000)
 Metaspace       used 26188K, capacity 27112K, committed 27392K, reserved 1073152K
  class space    used 3053K, capacity 3245K, committed 3328K, reserved 1048576K
}
Event: 160.122 GC heap before
{Heap before GC invocations=70 (full 3):
 def new generation   total 17408K, used 17408K [0x00000000f0a00000, 0x00000000f1ce0000, 0x00000000f5c00000)
  eden space 15488K, 100% used [0x00000000f0a00000, 0x00000000f1920000, 0x00000000f1920000)
  from space 1920K, 100% used [0x00000000f1920000, 0x00000000f1b00000, 0x00000000f1b00000)
  to   space 1920K,   0% used [0x00000000f1b00000, 0x00000000f1b00000, 0x00000000f1ce0000)
 tenured generation   total 38568K, used 37133K [0x00000000f5c00000, 0x00000000f81aa000, 0x0000000100000000)
   the space 38568K,  96% used [0x00000000f5c00000, 0x00000000f8043738, 0x00000000f8043800, 0x00000000f81aa000)
 Metaspace       used 26188K, capacity 27112K, committed 27392K, reserved 1073152K
  class space    used 3053K, capacity 3245K, committed 3328K, reserved 1048576K
Event: 160.126 GC heap after
Heap after GC invocations=71 (full 3):
 def new generation   total 17408K, used 1919K [0x00000000f0a00000, 0x00000000f1ce0000, 0x00000000f5c00000)
  eden space 15488K,   0% used [0x00000000f0a00000, 0x00000000f0a00000, 0x00000000f1920000)
  from space 1920K,  99% used [0x00000000f1b00000, 0x00000000f1cdfff8, 0x00000000f1ce0000)
  to   space 1920K,   0% used [0x00000000f1920000, 0x00000000f1920000, 0x00000000f1b00000)
 tenured generation   total 38568K, used 38406K [0x00000000f5c00000, 0x00000000f81aa000, 0x0000000100000000)
   the space 38568K,  99% used [0x00000000f5c00000, 0x00000000f8181b68, 0x00000000f8181c00, 0x00000000f81aa000)
 Metaspace       used 26188K, capacity 27112K, committed 27392K, reserved 1073152K
  class space    used 3053K, capacity 3245K, committed 3328K, reserved 1048576K
}
Event: 162.815 GC heap before
{Heap before GC invocations=71 (full 3):
 def new generation   total 17408K, used 17407K [0x00000000f0a00000, 0x00000000f1ce0000, 0x00000000f5c00000)
  eden space 15488K, 100% used [0x00000000f0a00000, 0x00000000f1920000, 0x00000000f1920000)
  from space 1920K,  99% used [0x00000000f1b00000, 0x00000000f1cdfff8, 0x00000000f1ce0000)
  to   space 1920K,   0% used [0x00000000f1920000, 0x00000000f1920000, 0x00000000f1b00000)
 tenured generation   total 38568K, used 38406K [0x00000000f5c00000, 0x00000000f81aa000, 0x0000000100000000)
   the space 38568K,  99% used [0x00000000f5c00000, 0x00000000f8181b68, 0x00000000f8181c00, 0x00000000f81aa000)
 Metaspace       used 26188K, capacity 27112K, committed 27392K, reserved 1073152K
  class space    used 3053K, capacity 3245K, committed 3328K, reserved 1048576K

